Requirement already satisfied: numpy==2.0.0 in /home/jules/.pyenv/versions/3.12.12/lib/python3.12/site-packages (from -r requirements.txt (line 2)) (2.0.0)
Requirement already satisfied: scipy==1.14.1 in /home/jules/.pyenv/versions/3.12.12/lib/python3.12/site-packages (from -r requirements.txt (line 3)) (1.14.1)
Requirement already satisfied: matplotlib==3.9.3 in /home/jules/.pyenv/versions/3.12.12/lib/python3.12/site-packages (from -r requirements.txt (line 4)) (3.9.3)
Requirement already satisfied: scikit-learn==1.6.0 in /home/jules/.pyenv/versions/3.12.12/lib/python3.12/site-packages (from -r requirements.txt (line 7)) (1.6.0)
Requirement already satisfied: torch==2.5.1 in /home/jules/.pyenv/versions/3.12.12/lib/python3.12/site-packages (from -r requirements.txt (line 8)) (2.5.1)
Collecting hdbscan==0.8.33 (from -r requirements.txt (line 9))
  Using cached hdbscan-0.8.33-cp312-cp312-linux_x86_64.whl
Requirement already satisfied: tensorly==0.9.0 in /home/jules/.pyenv/versions/3.12.12/lib/python3.12/site-packages (from -r requirements.txt (line 12)) (0.9.0)
Requirement already satisfied: numba==0.60.0 in /home/jules/.pyenv/versions/3.12.12/lib/python3.12/site-packages (from -r requirements.txt (line 13)) (0.60.0)
Requirement already satisfied: pandas==2.2.2 in /home/jules/.pyenv/versions/3.12.12/lib/python3.12/site-packages (from -r requirements.txt (line 16)) (2.2.2)
Requirement already satisfied: h5py==3.11.0 in /home/jules/.pyenv/versions/3.12.12/lib/python3.12/site-packages (from -r requirements.txt (line 17)) (3.11.0)
Collecting ipykernel==6.29.5 (from -r requirements.txt (line 20))
  Using cached ipykernel-6.29.5-py3-none-any.whl.metadata (6.3 kB)
Requirement already satisfied: ipython==8.30.0 in /home/jules/.pyenv/versions/3.12.12/lib/python3.12/site-packages (from -r requirements.txt (line 21)) (8.30.0)
Requirement already satisfied: jupyter_client==8.6.3 in /home/jules/.pyenv/versions/3.12.12/lib/python3.12/site-packages (from -r requirements.txt (line 22)) (8.6.3)
Requirement already satisfied: jupyter_core==5.7.2 in /home/jules/.pyenv/versions/3.12.12/lib/python3.12/site-packages (from -r requirements.txt (line 23)) (5.7.2)
Collecting nbformat==5.10.4 (from -r requirements.txt (line 24))
  Using cached nbformat-5.10.4-py3-none-any.whl.metadata (3.6 kB)
Requirement already satisfied: pillow==11.0.0 in /home/jules/.pyenv/versions/3.12.12/lib/python3.12/site-packages (from -r requirements.txt (line 27)) (11.0.0)
Collecting jsonschema==4.23.0 (from -r requirements.txt (line 30))
  Using cached jsonschema-4.23.0-py3-none-any.whl.metadata (7.9 kB)
Requirement already satisfied: scikit-image==0.23.2 in /home/jules/.pyenv/versions/3.12.12/lib/python3.12/site-packages (from -r requirements.txt (line 33)) (0.23.2)
Requirement already satisfied: tqdm==4.66.4 in /home/jules/.pyenv/versions/3.12.12/lib/python3.12/site-packages (from -r requirements.txt (line 36)) (4.66.4)
Requirement already satisfied: contourpy>=1.0.1 in /home/jules/.pyenv/versions/3.12.12/lib/python3.12/site-packages (from matplotlib==3.9.3->-r requirements.txt (line 4)) (1.3.3)
Requirement already satisfied: cycler>=0.10 in /home/jules/.pyenv/versions/3.12.12/lib/python3.12/site-packages (from matplotlib==3.9.3->-r requirements.txt (line 4)) (0.12.1)
Requirement already satisfied: fonttools>=4.22.0 in /home/jules/.pyenv/versions/3.12.12/lib/python3.12/site-packages (from matplotlib==3.9.3->-r requirements.txt (line 4)) (4.61.1)
Requirement already satisfied: kiwisolver>=1.3.1 in /home/jules/.pyenv/versions/3.12.12/lib/python3.12/site-packages (from matplotlib==3.9.3->-r requirements.txt (line 4)) (1.4.9)
Requirement already satisfied: packaging>=20.0 in /home/jules/.pyenv/versions/3.12.12/lib/python3.12/site-packages (from matplotlib==3.9.3->-r requirements.txt (line 4)) (26.0)
Requirement already satisfied: pyparsing>=2.3.1 in /home/jules/.pyenv/versions/3.12.12/lib/python3.12/site-packages (from matplotlib==3.9.3->-r requirements.txt (line 4)) (3.3.2)
Requirement already satisfied: python-dateutil>=2.7 in /home/jules/.pyenv/versions/3.12.12/lib/python3.12/site-packages (from matplotlib==3.9.3->-r requirements.txt (line 4)) (2.9.0.post0)
Requirement already satisfied: joblib>=1.2.0 in /home/jules/.pyenv/versions/3.12.12/lib/python3.12/site-packages (from scikit-learn==1.6.0->-r requirements.txt (line 7)) (1.5.3)
Requirement already satisfied: threadpoolctl>=3.1.0 in /home/jules/.pyenv/versions/3.12.12/lib/python3.12/site-packages (from scikit-learn==1.6.0->-r requirements.txt (line 7)) (3.6.0)
Requirement already satisfied: filelock in /home/jules/.pyenv/versions/3.12.12/lib/python3.12/site-packages (from torch==2.5.1->-r requirements.txt (line 8)) (3.25.0)
Requirement already satisfied: typing-extensions>=4.8.0 in /home/jules/.pyenv/versions/3.12.12/lib/python3.12/site-packages (from torch==2.5.1->-r requirements.txt (line 8)) (4.15.0)
Requirement already satisfied: networkx in /home/jules/.pyenv/versions/3.12.12/lib/python3.12/site-packages (from torch==2.5.1->-r requirements.txt (line 8)) (3.6.1)
Requirement already satisfied: jinja2 in /home/jules/.pyenv/versions/3.12.12/lib/python3.12/site-packages (from torch==2.5.1->-r requirements.txt (line 8)) (3.1.6)
Requirement already satisfied: fsspec in /home/jules/.pyenv/versions/3.12.12/lib/python3.12/site-packages (from torch==2.5.1->-r requirements.txt (line 8)) (2026.2.0)
Requirement already satisfied: nvidia-cuda-nvrtc-cu12==12.4.127 in /home/jules/.pyenv/versions/3.12.12/lib/python3.12/site-packages (from torch==2.5.1->-r requirements.txt (line 8)) (12.4.127)
Requirement already satisfied: nvidia-cuda-runtime-cu12==12.4.127 in /home/jules/.pyenv/versions/3.12.12/lib/python3.12/site-packages (from torch==2.5.1->-r requirements.txt (line 8)) (12.4.127)
Requirement already satisfied: nvidia-cuda-cupti-cu12==12.4.127 in /home/jules/.pyenv/versions/3.12.12/lib/python3.12/site-packages (from torch==2.5.1->-r requirements.txt (line 8)) (12.4.127)
Requirement already satisfied: nvidia-cudnn-cu12==9.1.0.70 in /home/jules/.pyenv/versions/3.12.12/lib/python3.12/site-packages (from torch==2.5.1->-r requirements.txt (line 8)) (9.1.0.70)
Requirement already satisfied: nvidia-cublas-cu12==12.4.5.8 in /home/jules/.pyenv/versions/3.12.12/lib/python3.12/site-packages (from torch==2.5.1->-r requirements.txt (line 8)) (12.4.5.8)
Requirement already satisfied: nvidia-cufft-cu12==11.2.1.3 in /home/jules/.pyenv/versions/3.12.12/lib/python3.12/site-packages (from torch==2.5.1->-r requirements.txt (line 8)) (11.2.1.3)
Requirement already satisfied: nvidia-curand-cu12==10.3.5.147 in /home/jules/.pyenv/versions/3.12.12/lib/python3.12/site-packages (from torch==2.5.1->-r requirements.txt (line 8)) (10.3.5.147)
Requirement already satisfied: nvidia-cusolver-cu12==11.6.1.9 in /home/jules/.pyenv/versions/3.12.12/lib/python3.12/site-packages (from torch==2.5.1->-r requirements.txt (line 8)) (11.6.1.9)
Requirement already satisfied: nvidia-cusparse-cu12==12.3.1.170 in /home/jules/.pyenv/versions/3.12.12/lib/python3.12/site-packages (from torch==2.5.1->-r requirements.txt (line 8)) (12.3.1.170)
Requirement already satisfied: nvidia-nccl-cu12==2.21.5 in /home/jules/.pyenv/versions/3.12.12/lib/python3.12/site-packages (from torch==2.5.1->-r requirements.txt (line 8)) (2.21.5)
Requirement already satisfied: nvidia-nvtx-cu12==12.4.127 in /home/jules/.pyenv/versions/3.12.12/lib/python3.12/site-packages (from torch==2.5.1->-r requirements.txt (line 8)) (12.4.127)
Requirement already satisfied: nvidia-nvjitlink-cu12==12.4.127 in /home/jules/.pyenv/versions/3.12.12/lib/python3.12/site-packages (from torch==2.5.1->-r requirements.txt (line 8)) (12.4.127)
Requirement already satisfied: triton==3.1.0 in /home/jules/.pyenv/versions/3.12.12/lib/python3.12/site-packages (from torch==2.5.1->-r requirements.txt (line 8)) (3.1.0)
Requirement already satisfied: setuptools in /home/jules/.pyenv/versions/3.12.12/lib/python3.12/site-packages (from torch==2.5.1->-r requirements.txt (line 8)) (82.0.0)
Requirement already satisfied: sympy==1.13.1 in /home/jules/.pyenv/versions/3.12.12/lib/python3.12/site-packages (from torch==2.5.1->-r requirements.txt (line 8)) (1.13.1)
Requirement already satisfied: cython<3,>=0.27 in /home/jules/.pyenv/versions/3.12.12/lib/python3.12/site-packages (from hdbscan==0.8.33->-r requirements.txt (line 9)) (0.29.37)
Requirement already satisfied: llvmlite<0.44,>=0.43.0dev0 in /home/jules/.pyenv/versions/3.12.12/lib/python3.12/site-packages (from numba==0.60.0->-r requirements.txt (line 13)) (0.43.0)
Requirement already satisfied: pytz>=2020.1 in /home/jules/.pyenv/versions/3.12.12/lib/python3.12/site-packages (from pandas==2.2.2->-r requirements.txt (line 16)) (2026.1.post1)
Requirement already satisfied: tzdata>=2022.7 in /home/jules/.pyenv/versions/3.12.12/lib/python3.12/site-packages (from pandas==2.2.2->-r requirements.txt (line 16)) (2025.3)
Requirement already satisfied: comm>=0.1.1 in /home/jules/.pyenv/versions/3.12.12/lib/python3.12/site-packages (from ipykernel==6.29.5->-r requirements.txt (line 20)) (0.2.3)
Requirement already satisfied: debugpy>=1.6.5 in /home/jules/.pyenv/versions/3.12.12/lib/python3.12/site-packages (from ipykernel==6.29.5->-r requirements.txt (line 20)) (1.8.20)
Requirement already satisfied: matplotlib-inline>=0.1 in /home/jules/.pyenv/versions/3.12.12/lib/python3.12/site-packages (from ipykernel==6.29.5->-r requirements.txt (line 20)) (0.2.1)
Requirement already satisfied: nest-asyncio in /home/jules/.pyenv/versions/3.12.12/lib/python3.12/site-packages (from ipykernel==6.29.5->-r requirements.txt (line 20)) (1.6.0)
Requirement already satisfied: psutil in /home/jules/.pyenv/versions/3.12.12/lib/python3.12/site-packages (from ipykernel==6.29.5->-r requirements.txt (line 20)) (7.2.2)
Requirement already satisfied: pyzmq>=24 in /home/jules/.pyenv/versions/3.12.12/lib/python3.12/site-packages (from ipykernel==6.29.5->-r requirements.txt (line 20)) (27.1.0)
Requirement already satisfied: tornado>=6.1 in /home/jules/.pyenv/versions/3.12.12/lib/python3.12/site-packages (from ipykernel==6.29.5->-r requirements.txt (line 20)) (6.5.4)
Requirement already satisfied: traitlets>=5.4.0 in /home/jules/.pyenv/versions/3.12.12/lib/python3.12/site-packages (from ipykernel==6.29.5->-r requirements.txt (line 20)) (5.14.3)
Requirement already satisfied: decorator in /home/jules/.pyenv/versions/3.12.12/lib/python3.12/site-packages (from ipython==8.30.0->-r requirements.txt (line 21)) (5.2.1)
Requirement already satisfied: jedi>=0.16 in /home/jules/.pyenv/versions/3.12.12/lib/python3.12/site-packages (from ipython==8.30.0->-r requirements.txt (line 21)) (0.19.2)
Requirement already satisfied: pexpect>4.3 in /home/jules/.pyenv/versions/3.12.12/lib/python3.12/site-packages (from ipython==8.30.0->-r requirements.txt (line 21)) (4.9.0)
Requirement already satisfied: prompt_toolkit<3.1.0,>=3.0.41 in /home/jules/.pyenv/versions/3.12.12/lib/python3.12/site-packages (from ipython==8.30.0->-r requirements.txt (line 21)) (3.0.52)
Requirement already satisfied: pygments>=2.4.0 in /home/jules/.pyenv/versions/3.12.12/lib/python3.12/site-packages (from ipython==8.30.0->-r requirements.txt (line 21)) (2.19.2)
Requirement already satisfied: stack_data in /home/jules/.pyenv/versions/3.12.12/lib/python3.12/site-packages (from ipython==8.30.0->-r requirements.txt (line 21)) (0.6.3)
Requirement already satisfied: platformdirs>=2.5 in /home/jules/.pyenv/versions/3.12.12/lib/python3.12/site-packages (from jupyter_core==5.7.2->-r requirements.txt (line 23)) (4.9.2)
Requirement already satisfied: fastjsonschema>=2.15 in /home/jules/.pyenv/versions/3.12.12/lib/python3.12/site-packages (from nbformat==5.10.4->-r requirements.txt (line 24)) (2.21.2)
Requirement already satisfied: attrs>=22.2.0 in /home/jules/.pyenv/versions/3.12.12/lib/python3.12/site-packages (from jsonschema==4.23.0->-r requirements.txt (line 30)) (25.4.0)
Requirement already satisfied: jsonschema-specifications>=2023.03.6 in /home/jules/.pyenv/versions/3.12.12/lib/python3.12/site-packages (from jsonschema==4.23.0->-r requirements.txt (line 30)) (2025.9.1)
Requirement already satisfied: referencing>=0.28.4 in /home/jules/.pyenv/versions/3.12.12/lib/python3.12/site-packages (from jsonschema==4.23.0->-r requirements.txt (line 30)) (0.37.0)
Requirement already satisfied: rpds-py>=0.7.1 in /home/jules/.pyenv/versions/3.12.12/lib/python3.12/site-packages (from jsonschema==4.23.0->-r requirements.txt (line 30)) (0.30.0)
Requirement already satisfied: imageio>=2.33 in /home/jules/.pyenv/versions/3.12.12/lib/python3.12/site-packages (from scikit-image==0.23.2->-r requirements.txt (line 33)) (2.37.2)
Requirement already satisfied: tifffile>=2022.8.12 in /home/jules/.pyenv/versions/3.12.12/lib/python3.12/site-packages (from scikit-image==0.23.2->-r requirements.txt (line 33)) (2026.3.3)
Requirement already satisfied: lazy-loader>=0.4 in /home/jules/.pyenv/versions/3.12.12/lib/python3.12/site-packages (from scikit-image==0.23.2->-r requirements.txt (line 33)) (0.4)
Requirement already satisfied: mpmath<1.4,>=1.1.0 in /home/jules/.pyenv/versions/3.12.12/lib/python3.12/site-packages (from sympy==1.13.1->torch==2.5.1->-r requirements.txt (line 8)) (1.3.0)
Requirement already satisfied: wcwidth in /home/jules/.pyenv/versions/3.12.12/lib/python3.12/site-packages (from prompt_toolkit<3.1.0,>=3.0.41->ipython==8.30.0->-r requirements.txt (line 21)) (0.6.0)
Requirement already satisfied: parso<0.9.0,>=0.8.4 in /home/jules/.pyenv/versions/3.12.12/lib/python3.12/site-packages (from jedi>=0.16->ipython==8.30.0->-r requirements.txt (line 21)) (0.8.6)
Requirement already satisfied: ptyprocess>=0.5 in /home/jules/.pyenv/versions/3.12.12/lib/python3.12/site-packages (from pexpect>4.3->ipython==8.30.0->-r requirements.txt (line 21)) (0.7.0)
Requirement already satisfied: six>=1.5 in /home/jules/.pyenv/versions/3.12.12/lib/python3.12/site-packages (from python-dateutil>=2.7->matplotlib==3.9.3->-r requirements.txt (line 4)) (1.17.0)
Requirement already satisfied: MarkupSafe>=2.0 in /home/jules/.pyenv/versions/3.12.12/lib/python3.12/site-packages (from jinja2->torch==2.5.1->-r requirements.txt (line 8)) (3.0.3)
Requirement already satisfied: executing>=1.2.0 in /home/jules/.pyenv/versions/3.12.12/lib/python3.12/site-packages (from stack_data->ipython==8.30.0->-r requirements.txt (line 21)) (2.2.1)
Requirement already satisfied: asttokens>=2.1.0 in /home/jules/.pyenv/versions/3.12.12/lib/python3.12/site-packages (from stack_data->ipython==8.30.0->-r requirements.txt (line 21)) (3.0.1)
Requirement already satisfied: pure-eval in /home/jules/.pyenv/versions/3.12.12/lib/python3.12/site-packages (from stack_data->ipython==8.30.0->-r requirements.txt (line 21)) (0.2.3)
Using cached ipykernel-6.29.5-py3-none-any.whl (117 kB)
Using cached nbformat-5.10.4-py3-none-any.whl (78 kB)
Using cached jsonschema-4.23.0-py3-none-any.whl (88 kB)
Installing collected packages: jsonschema, ipykernel, hdbscan, nbformat

Successfully installed hdbscan-0.8.33 ipykernel-6.29.5 jsonschema-4.23.0 nbformat-5.10.4

[notice] A new release of pip is available: 25.3 -> 26.0.1
[notice] To update, run: pip install --upgrade pip
